# JRE version: Java(TM) SE Runtime Environment (7.0_60-b19) (build 1.7.0_60-b19)
# Java VM: Java HotSpot(TM) 64-Bit Server VM (24.60-b09 mixed mode windows-amd64 compressed oops)
Heap
 PSYoungGen      total 35328K, used 11913K [0x00000000f5500000, 0x00000000f7a00000, 0x0000000100000000)
  eden space 32768K, 28% used [0x00000000f5500000,0x00000000f5e25580,0x00000000f7500000)
  from space 2560K, 99% used [0x00000000f7780000,0x00000000f79fd108,0x00000000f7a00000)
  to   space 2560K, 0% used [0x00000000f7500000,0x00000000f7500000,0x00000000f7780000)
 ParOldGen       total 42496K, used 28823K [0x00000000e0000000, 0x00000000e2980000, 0x00000000f5500000)
  object space 42496K, 67% used [0x00000000e0000000,0x00000000e1c25de0,0x00000000e2980000)
 PSPermGen       total 21504K, used 16908K [0x00000000dae00000, 0x00000000dc300000, 0x00000000e0000000)
  object space 21504K, 78% used [0x00000000dae00000,0x00000000dbe832f8,0x00000000dc300000)
GC Heap History (10 events):
Event: 0.800 GC heap before
{Heap before GC invocations=2 (full 0):
 PSYoungGen      total 18944K, used 18931K [0x00000000f5500000, 0x00000000f6a00000, 0x0000000100000000)
  eden space 16384K, 100% used [0x00000000f5500000,0x00000000f6500000,0x00000000f6500000)
  from space 2560K, 99% used [0x00000000f6500000,0x00000000f677cd40,0x00000000f6780000)
  to   space 2560K, 0% used [0x00000000f6780000,0x00000000f6780000,0x00000000f6a00000)
 ParOldGen       total 42496K, used 592K [0x00000000e0000000, 0x00000000e2980000, 0x00000000f5500000)
  object space 42496K, 1% used [0x00000000e0000000,0x00000000e0094260,0x00000000e2980000)
 PSPermGen       total 21504K, used 5753K [0x00000000dae00000, 0x00000000dc300000, 0x00000000e0000000)
  object space 21504K, 26% used [0x00000000dae00000,0x00000000db39e598,0x00000000dc300000)
Event: 0.804 GC heap after
Heap after GC invocations=2 (full 0):
 PSYoungGen      total 18944K, used 2559K [0x00000000f5500000, 0x00000000f7a00000, 0x0000000100000000)
  eden space 16384K, 0% used [0x00000000f5500000,0x00000000f5500000,0x00000000f6500000)
  from space 2560K, 99% used [0x00000000f6780000,0x00000000f69ffcd8,0x00000000f6a00000)
  to   space 2560K, 0% used [0x00000000f6500000,0x00000000f6500000,0x00000000f6780000)
 ParOldGen       total 42496K, used 3481K [0x00000000e0000000, 0x00000000e2980000, 0x00000000f5500000)
  object space 42496K, 8% used [0x00000000e0000000,0x00000000e0366758,0x00000000e2980000)
 PSPermGen       total 21504K, used 5753K [0x00000000dae00000, 0x00000000dc300000, 0x00000000e0000000)
  object space 21504K, 26% used [0x00000000dae00000,0x00000000db39e598,0x00000000dc300000)
}
Event: 1.002 GC heap before
{Heap before GC invocations=3 (full 0):
 PSYoungGen      total 18944K, used 18943K [0x00000000f5500000, 0x00000000f7a00000, 0x0000000100000000)
  eden space 16384K, 100% used [0x00000000f5500000,0x00000000f6500000,0x00000000f6500000)
  from space 2560K, 99% used [0x00000000f6780000,0x00000000f69ffcd8,0x00000000f6a00000)
  to   space 2560K, 0% used [0x00000000f6500000,0x00000000f6500000,0x00000000f6780000)
 ParOldGen       total 42496K, used 3481K [0x00000000e0000000, 0x00000000e2980000, 0x00000000f5500000)
  object space 42496K, 8% used [0x00000000e0000000,0x00000000e0366758,0x00000000e2980000)
 PSPermGen       total 21504K, used 7843K [0x00000000dae00000, 0x00000000dc300000, 0x00000000e0000000)
  object space 21504K, 36% used [0x00000000dae00000,0x00000000db5a8f80,0x00000000dc300000)
Event: 1.008 GC heap after
Heap after GC invocations=3 (full 0):
 PSYoungGen      total 18944K, used 2528K [0x00000000f5500000, 0x00000000f7a00000, 0x0000000100000000)
  eden space 16384K, 0% used [0x00000000f5500000,0x00000000f5500000,0x00000000f6500000)
  from space 2560K, 98% used [0x00000000f6500000,0x00000000f6778010,0x00000000f6780000)
  to   space 2560K, 0% used [0x00000000f7780000,0x00000000f7780000,0x00000000f7a00000)
 ParOldGen       total 42496K, used 6871K [0x00000000e0000000, 0x00000000e2980000, 0x00000000f5500000)
  object space 42496K, 16% used [0x00000000e0000000,0x00000000e06b5fb8,0x00000000e2980000)
 PSPermGen       total 21504K, used 7843K [0x00000000dae00000, 0x00000000dc300000, 0x00000000e0000000)
  object space 21504K, 36% used [0x00000000dae00000,0x00000000db5a8f80,0x00000000dc300000)
}
Event: 1.233 GC heap before
{Heap before GC invocations=4 (full 0):
 PSYoungGen      total 18944K, used 18912K [0x00000000f5500000, 0x00000000f7a00000, 0x0000000100000000)
  eden space 16384K, 100% used [0x00000000f5500000,0x00000000f6500000,0x00000000f6500000)
  from space 2560K, 98% used [0x00000000f6500000,0x00000000f6778010,0x00000000f6780000)
  to   space 2560K, 0% used [0x00000000f7780000,0x00000000f7780000,0x00000000f7a00000)
 ParOldGen       total 42496K, used 6871K [0x00000000e0000000, 0x00000000e2980000, 0x00000000f5500000)
  object space 42496K, 16% used [0x00000000e0000000,0x00000000e06b5fb8,0x00000000e2980000)
 PSPermGen       total 21504K, used 9906K [0x00000000dae00000, 0x00000000dc300000, 0x00000000e0000000)
  object space 21504K, 46% used [0x00000000dae00000,0x00000000db7ac908,0x00000000dc300000)
Event: 1.239 GC heap after
Heap after GC invocations=4 (full 0):
 PSYoungGen      total 35328K, used 2544K [0x00000000f5500000, 0x00000000f7a00000, 0x0000000100000000)
  eden space 32768K, 0% used [0x00000000f5500000,0x00000000f5500000,0x00000000f7500000)
  from space 2560K, 99% used [0x00000000f7780000,0x00000000f79fc020,0x00000000f7a00000)
  to   space 2560K, 0% used [0x00000000f7500000,0x00000000f7500000,0x00000000f7780000)
 ParOldGen       total 42496K, used 10230K [0x00000000e0000000, 0x00000000e2980000, 0x00000000f5500000)
  object space 42496K, 24% used [0x00000000e0000000,0x00000000e09fd958,0x00000000e2980000)
 PSPermGen       total 21504K, used 9906K [0x00000000dae00000, 0x00000000dc300000, 0x00000000e0000000)
  object space 21504K, 46% used [0x00000000dae00000,0x00000000db7ac908,0x00000000dc300000)
}
Event: 1.873 GC heap before
{Heap before GC invocations=5 (full 0):
 PSYoungGen      total 35328K, used 35312K [0x00000000f5500000, 0x00000000f7a00000, 0x0000000100000000)
  eden space 32768K, 100% used [0x00000000f5500000,0x00000000f7500000,0x00000000f7500000)
  from space 2560K, 99% used [0x00000000f7780000,0x00000000f79fc020,0x00000000f7a00000)
  to   space 2560K, 0% used [0x00000000f7500000,0x00000000f7500000,0x00000000f7780000)
 ParOldGen       total 42496K, used 10230K [0x00000000e0000000, 0x00000000e2980000, 0x00000000f5500000)
  object space 42496K, 24% used [0x00000000e0000000,0x00000000e09fd958,0x00000000e2980000)
 PSPermGen       total 21504K, used 13520K [0x00000000dae00000, 0x00000000dc300000, 0x00000000e0000000)
  object space 21504K, 62% used [0x00000000dae00000,0x00000000dbb34330,0x00000000dc300000)
Event: 1.886 GC heap after
Heap after GC invocations=5 (full 0):
 PSYoungGen      total 35328K, used 2528K [0x00000000f5500000, 0x00000000f7a00000, 0x0000000100000000)
  eden space 32768K, 0% used [0x00000000f5500000,0x00000000f5500000,0x00000000f7500000)
  from space 2560K, 98% used [0x00000000f7500000,0x00000000f7778010,0x00000000f7780000)
  to   space 2560K, 0% used [0x00000000f7780000,0x00000000f7780000,0x00000000f7a00000)
 ParOldGen       total 42496K, used 17839K [0x00000000e0000000, 0x00000000e2980000, 0x00000000f5500000)
  object space 42496K, 41% used [0x00000000e0000000,0x00000000e116be28,0x00000000e2980000)
 PSPermGen       total 21504K, used 13520K [0x00000000dae00000, 0x00000000dc300000, 0x00000000e0000000)
  object space 21504K, 62% used [0x00000000dae00000,0x00000000dbb34330,0x00000000dc300000)
}
Event: 2.454 GC heap before
{Heap before GC invocations=6 (full 0):
 PSYoungGen      total 35328K, used 35296K [0x00000000f5500000, 0x00000000f7a00000, 0x0000000100000000)
  eden space 32768K, 100% used [0x00000000f5500000,0x00000000f7500000,0x00000000f7500000)
  from space 2560K, 98% used [0x00000000f7500000,0x00000000f7778010,0x00000000f7780000)
  to   space 2560K, 0% used [0x00000000f7780000,0x00000000f7780000,0x00000000f7a00000)
 ParOldGen       total 42496K, used 17839K [0x00000000e0000000, 0x00000000e2980000, 0x00000000f5500000)
  object space 42496K, 41% used [0x00000000e0000000,0x00000000e116be28,0x00000000e2980000)
 PSPermGen       total 21504K, used 15643K [0x00000000dae00000, 0x00000000dc300000, 0x00000000e0000000)
  object space 21504K, 72% used [0x00000000dae00000,0x00000000dbd46cd0,0x00000000dc300000)
Event: 2.469 GC heap after
Heap after GC invocations=6 (full 0):
 PSYoungGen      total 35328K, used 2548K [0x00000000f5500000, 0x00000000f7a00000, 0x0000000100000000)
  eden space 32768K, 0% used [0x00000000f5500000,0x00000000f5500000,0x00000000f7500000)
  from space 2560K, 99% used [0x00000000f7780000,0x00000000f79fd108,0x00000000f7a00000)
  to   space 2560K, 0% used [0x00000000f7500000,0x00000000f7500000,0x00000000f7780000)
 ParOldGen       total 42496K, used 28823K [0x00000000e0000000, 0x00000000e2980000, 0x00000000f5500000)
  object space 42496K, 67% used [0x00000000e0000000,0x00000000e1c25de0,0x00000000e2980000)
 PSPermGen       total 21504K, used 15643K [0x00000000dae00000, 0x00000000dc300000, 0x00000000e0000000)
  object space 21504K, 72% used [0x00000000dae00000,0x00000000dbd46cd0,0x00000000dc300000)
}

